<?xml version="1.0" encoding="UTF-8"?>
<!-- Generated by org.testng.reporters.JUnitXMLReporter -->
<testsuite ignored="0" hostname="MSI" failures="1" tests="7" name="Test" time="39.934" errors="0" timestamp="2025-03-13T19:04:41 IST">
  <testcase classname="com.qaautomation.functionaltests.LoginTests" name="TC001_LoginWithValidCredentials" time="5.533"/>
  <testcase classname="com.qaautomation.functionaltests.HomePageTests" name="TC006_InsurnaceProjectTabValidation" time="10.374"/>
  <testcase classname="com.qaautomation.functionaltests.LoginTests" name="TC002_LoginWithInValidCredentials" time="4.929"/>
  <testcase classname="com.qaautomation.functionaltests.LoginTests" name="TC003_LoginWithoutCredentials" time="4.482"/>
  <testcase classname="com.qaautomation.functionaltests.LoginTests" name="TC002_LoginWithInValidCredentials" time="5.002"/>
  <testcase classname="com.qaautomation.functionaltests.LoginTests" name="TC004_LoginWithEnter" time="5.251">
    <failure type="java.lang.AssertionError" message="expected [User or Password is valid] but found [Guru99 Bank Manager HomePage]">
      <![CDATA[java.lang.AssertionError: expected [User or Password is valid] but found [Guru99 Bank Manager HomePage]
at com.qaautomation.commonactions.Commands.CompareStringAssertions(Commands.java:20)
at com.qaautomation.pages.LoginPageObjects.LoginWithEnterButton(LoginPageObjects.java:142)
at com.qaautomation.functionaltests.LoginTests.TC004_LoginWithEnter(LoginTests.java:40)
at java.base/java.util.concurrent.ThreadPoolExecutor.runWorker(ThreadPoolExecutor.java:1128)
at java.base/java.util.concurrent.ThreadPoolExecutor$Worker.run(ThreadPoolExecutor.java:628)
at java.base/java.lang.Thread.run(Thread.java:834)
... Removed 18 stack frames]]>
    </failure>
  </testcase> <!-- TC004_LoginWithEnter -->
  <testcase classname="com.qaautomation.functionaltests.LoginTests" name="TC002_LoginWithInValidCredentials" time="4.778"/>
</testsuite> <!-- Test -->
