<?xml version="1.0" encoding="UTF-8"?>
<testng-results ignored="0" total="7" passed="5" failed="2" skipped="0">
  <reporter-output>
  </reporter-output>
  <suite started-at="2025-03-13T19:10:01 IST" name="Suite" finished-at="2025-03-13T19:10:45 IST" duration-ms="44395">
    <groups>
      <group name="regression">
        <method signature="LoginTests.TC001_LoginWithValidCredentials(java.lang.String,java.lang.String,java.lang.String)[pri:1, instance:com.qaautomation.functionaltests.LoginTests@742ff096]" name="TC001_LoginWithValidCredentials" class="com.qaautomation.functionaltests.LoginTests"/>
        <method signature="LoginTests.TC002_LoginWithInValidCredentials(java.lang.String,java.lang.String,java.lang.String)[pri:2, instance:com.qaautomation.functionaltests.LoginTests@742ff096]" name="TC002_LoginWithInValidCredentials" class="com.qaautomation.functionaltests.LoginTests"/>
        <method signature="LoginTests.TC003_LoginWithoutCredentials()[pri:3, instance:com.qaautomation.functionaltests.LoginTests@742ff096]" name="TC003_LoginWithoutCredentials" class="com.qaautomation.functionaltests.LoginTests"/>
        <method signature="LoginTests.TC004_LoginWithEnter(java.lang.String,java.lang.String,java.lang.String)[pri:4, instance:com.qaautomation.functionaltests.LoginTests@742ff096]" name="TC004_LoginWithEnter" class="com.qaautomation.functionaltests.LoginTests"/>
        <method signature="HomePageTests.TC006_InsurnaceProjectTabValidation(java.lang.String,java.lang.String,java.lang.String)[pri:1, instance:com.qaautomation.functionaltests.HomePageTests@38467116]" name="TC006_InsurnaceProjectTabValidation" class="com.qaautomation.functionaltests.HomePageTests"/>
      </group> <!-- regression -->
      <group name="smoke">
        <method signature="LoginTests.TC001_LoginWithValidCredentials(java.lang.String,java.lang.String,java.lang.String)[pri:1, instance:com.qaautomation.functionaltests.LoginTests@742ff096]" name="TC001_LoginWithValidCredentials" class="com.qaautomation.functionaltests.LoginTests"/>
        <method signature="LoginTests.TC002_LoginWithInValidCredentials(java.lang.String,java.lang.String,java.lang.String)[pri:2, instance:com.qaautomation.functionaltests.LoginTests@742ff096]" name="TC002_LoginWithInValidCredentials" class="com.qaautomation.functionaltests.LoginTests"/>
        <method signature="LoginTests.TC003_LoginWithoutCredentials()[pri:3, instance:com.qaautomation.functionaltests.LoginTests@742ff096]" name="TC003_LoginWithoutCredentials" class="com.qaautomation.functionaltests.LoginTests"/>
        <method signature="LoginTests.TC004_LoginWithEnter(java.lang.String,java.lang.String,java.lang.String)[pri:4, instance:com.qaautomation.functionaltests.LoginTests@742ff096]" name="TC004_LoginWithEnter" class="com.qaautomation.functionaltests.LoginTests"/>
      </group> <!-- smoke -->
      <group name="homepagefeature">
        <method signature="HomePageTests.TC006_InsurnaceProjectTabValidation(java.lang.String,java.lang.String,java.lang.String)[pri:1, instance:com.qaautomation.functionaltests.HomePageTests@38467116]" name="TC006_InsurnaceProjectTabValidation" class="com.qaautomation.functionaltests.HomePageTests"/>
      </group> <!-- homepagefeature -->
      <group name="sanity">
        <method signature="HomePageTests.TC006_InsurnaceProjectTabValidation(java.lang.String,java.lang.String,java.lang.String)[pri:1, instance:com.qaautomation.functionaltests.HomePageTests@38467116]" name="TC006_InsurnaceProjectTabValidation" class="com.qaautomation.functionaltests.HomePageTests"/>
      </group> <!-- sanity -->
    </groups>
    <test started-at="2025-03-13T19:10:01 IST" name="TestLogin" finished-at="2025-03-13T19:10:32 IST" duration-ms="31014">
      <class name="com.qaautomation.functionaltests.LoginTests">
        <test-method is-config="true" signature="SetUp(org.testng.ITestContext)[pri:0, instance:com.qaautomation.functionaltests.LoginTests@742ff096]" started-at="2025-03-13T19:10:02 IST" name="SetUp" finished-at="2025-03-13T19:10:08 IST" duration-ms="5789" status="PASS">
          <params>
            <param index="0">
              <value>
                <![CDATA[org.testng.TestRunner@4d4d48a6]]>
              </value>
            </param>
          </params>
          <reporter-output>
          </reporter-output>
        </test-method> <!-- SetUp -->
        <test-method is-config="true" signature="SetUp(org.testng.ITestContext)[pri:0, instance:com.qaautomation.functionaltests.LoginTests@742ff096]" started-at="2025-03-13T19:10:02 IST" name="SetUp" finished-at="2025-03-13T19:10:07 IST" duration-ms="4654" status="PASS">
          <params>
            <param index="0">
              <value>
                <![CDATA[org.testng.TestRunner@4d4d48a6]]>
              </value>
            </param>
          </params>
          <reporter-output>
          </reporter-output>
        </test-method> <!-- SetUp -->
        <test-method signature="TC001_LoginWithValidCredentials(java.lang.String,java.lang.String,java.lang.String)[pri:1, instance:com.qaautomation.functionaltests.LoginTests@742ff096]" started-at="2025-03-13T19:10:07 IST" name="TC001_LoginWithValidCredentials" data-provider="TC001_TestData" finished-at="2025-03-13T19:10:12 IST" duration-ms="5470" status="PASS">
          <params>
            <param index="0">
              <value>
                <![CDATA[mngr26593]]>
              </value>
            </param>
            <param index="1">
              <value>
                <![CDATA[123Abc@]]>
              </value>
            </param>
            <param index="2">
              <value>
                <![CDATA[Guru99 Bank Manager HomePage]]>
              </value>
            </param>
          </params>
          <reporter-output>
          </reporter-output>
        </test-method> <!-- TC001_LoginWithValidCredentials -->
        <test-method signature="TC002_LoginWithInValidCredentials(java.lang.String,java.lang.String,java.lang.String)[pri:2, instance:com.qaautomation.functionaltests.LoginTests@742ff096]" started-at="2025-03-13T19:10:08 IST" name="TC002_LoginWithInValidCredentials" data-provider="TC002_TestData" finished-at="2025-03-13T19:10:12 IST" duration-ms="4684" status="PASS">
          <params>
            <param index="0">
              <value>
                <![CDATA[test@123]]>
              </value>
            </param>
            <param index="1">
              <value>
                <![CDATA[abc]]>
              </value>
            </param>
            <param index="2">
              <value>
                <![CDATA[User or Password is not valid]]>
              </value>
            </param>
          </params>
          <reporter-output>
          </reporter-output>
        </test-method> <!-- TC002_LoginWithInValidCredentials -->
        <test-method is-config="true" signature="TearDown()[pri:0, instance:com.qaautomation.functionaltests.LoginTests@742ff096]" started-at="2025-03-13T19:10:12 IST" name="TearDown" finished-at="2025-03-13T19:10:12 IST" duration-ms="256" status="PASS">
          <reporter-output>
          </reporter-output>
        </test-method> <!-- TearDown -->
        <test-method is-config="true" signature="SetUp(org.testng.ITestContext)[pri:0, instance:com.qaautomation.functionaltests.LoginTests@742ff096]" started-at="2025-03-13T19:10:12 IST" name="SetUp" finished-at="2025-03-13T19:10:16 IST" duration-ms="3211" status="PASS">
          <params>
            <param index="0">
              <value>
                <![CDATA[org.testng.TestRunner@4d4d48a6]]>
              </value>
            </param>
          </params>
          <reporter-output>
          </reporter-output>
        </test-method> <!-- SetUp -->
        <test-method is-config="true" signature="TearDown()[pri:0, instance:com.qaautomation.functionaltests.LoginTests@742ff096]" started-at="2025-03-13T19:10:12 IST" name="TearDown" finished-at="2025-03-13T19:10:13 IST" duration-ms="229" status="PASS">
          <reporter-output>
          </reporter-output>
        </test-method> <!-- TearDown -->
        <test-method is-config="true" signature="SetUp(org.testng.ITestContext)[pri:0, instance:com.qaautomation.functionaltests.LoginTests@742ff096]" started-at="2025-03-13T19:10:13 IST" name="SetUp" finished-at="2025-03-13T19:10:16 IST" duration-ms="3837" status="PASS">
          <params>
            <param index="0">
              <value>
                <![CDATA[org.testng.TestRunner@4d4d48a6]]>
              </value>
            </param>
          </params>
          <reporter-output>
          </reporter-output>
        </test-method> <!-- SetUp -->
        <test-method signature="TC003_LoginWithoutCredentials()[pri:3, instance:com.qaautomation.functionaltests.LoginTests@742ff096]" started-at="2025-03-13T19:10:16 IST" name="TC003_LoginWithoutCredentials" finished-at="2025-03-13T19:10:20 IST" duration-ms="4438" status="PASS">
          <reporter-output>
          </reporter-output>
        </test-method> <!-- TC003_LoginWithoutCredentials -->
        <test-method signature="TC002_LoginWithInValidCredentials(java.lang.String,java.lang.String,java.lang.String)[pri:2, instance:com.qaautomation.functionaltests.LoginTests@742ff096]" started-at="2025-03-13T19:10:16 IST" name="TC002_LoginWithInValidCredentials" data-provider="TC002_TestData" finished-at="2025-03-13T19:10:21 IST" duration-ms="4581" status="PASS">
          <params>
            <param index="0">
              <value>
                <![CDATA[mngr26593]]>
              </value>
            </param>
            <param index="1">
              <value>
                <![CDATA[123A]]>
              </value>
            </param>
            <param index="2">
              <value>
                <![CDATA[User or Password is not valid]]>
              </value>
            </param>
          </params>
          <reporter-output>
          </reporter-output>
        </test-method> <!-- TC002_LoginWithInValidCredentials -->
        <test-method is-config="true" signature="TearDown()[pri:0, instance:com.qaautomation.functionaltests.LoginTests@742ff096]" started-at="2025-03-13T19:10:20 IST" name="TearDown" finished-at="2025-03-13T19:10:20 IST" duration-ms="272" status="PASS">
          <reporter-output>
          </reporter-output>
        </test-method> <!-- TearDown -->
        <test-method signature="TC004_LoginWithEnter(java.lang.String,java.lang.String,java.lang.String)[pri:4, instance:com.qaautomation.functionaltests.LoginTests@742ff096]" started-at="2025-03-13T19:10:20 IST" name="TC004_LoginWithEnter" data-provider="TC001_TestData" finished-at="2025-03-13T19:10:30 IST" duration-ms="9827" status="FAIL">
          <exception class="org.openqa.selenium.UnhandledAlertException">
            <message>
              <![CDATA[unexpected alert open: {Alert text : User or Password is not valid}
  (Session info: chrome=134.0.6998.35): User or Password is not valid
Build info: version: '4.20.0', revision: '866c76ca80'
System info: os.name: 'Windows 11', os.arch: 'amd64', os.version: '10.0', java.version: '11.0.20'
Driver info: org.openqa.selenium.chrome.ChromeDriver
Command: [3e4182a5d121c47e64e6a5674a6e9e73, screenshot {}]
Capabilities {acceptInsecureCerts: false, browserName: chrome, browserVersion: 134.0.6998.35, chrome: {chromedriverVersion: 134.0.6998.88 (7e3d5c978c6d..., userDataDir: C:\Users\Satee\AppData\Loca...}, fedcm:accounts: true, goog:chromeOptions: {debuggerAddress: localhost:56751}, networkConnectionEnabled: false, pageLoadStrategy: normal, platformName: windows, proxy: Proxy(), se:cdp: ws://localhost:56751/devtoo..., se:cdpVersion: 134.0.6998.35, setWindowRect: true, strictFileInteractability: false, timeouts: {implicit: 0, pageLoad: 300000, script: 30000}, unhandledPromptBehavior: dismiss and notify, webauthn:extension:credBlob: true, webauthn:extension:largeBlob: true, webauthn:extension:minPinLength: true, webauthn:extension:prf: true, webauthn:virtualAuthenticators: true}
Session ID: 3e4182a5d121c47e64e6a5674a6e9e73]]>
            </message>
            <full-stacktrace>
              <![CDATA[org.openqa.selenium.UnhandledAlertException: unexpected alert open: {Alert text : User or Password is not valid}
  (Session info: chrome=134.0.6998.35): User or Password is not valid
Build info: version: '4.20.0', revision: '866c76ca80'
System info: os.name: 'Windows 11', os.arch: 'amd64', os.version: '10.0', java.version: '11.0.20'
Driver info: org.openqa.selenium.chrome.ChromeDriver
Command: [3e4182a5d121c47e64e6a5674a6e9e73, screenshot {}]
Capabilities {acceptInsecureCerts: false, browserName: chrome, browserVersion: 134.0.6998.35, chrome: {chromedriverVersion: 134.0.6998.88 (7e3d5c978c6d..., userDataDir: C:\Users\Satee\AppData\Loca...}, fedcm:accounts: true, goog:chromeOptions: {debuggerAddress: localhost:56751}, networkConnectionEnabled: false, pageLoadStrategy: normal, platformName: windows, proxy: Proxy(), se:cdp: ws://localhost:56751/devtoo..., se:cdpVersion: 134.0.6998.35, setWindowRect: true, strictFileInteractability: false, timeouts: {implicit: 0, pageLoad: 300000, script: 30000}, unhandledPromptBehavior: dismiss and notify, webauthn:extension:credBlob: true, webauthn:extension:largeBlob: true, webauthn:extension:minPinLength: true, webauthn:extension:prf: true, webauthn:virtualAuthenticators: true}
Session ID: 3e4182a5d121c47e64e6a5674a6e9e73
at org.openqa.selenium.remote.codec.w3c.W3CHttpResponseCodec.decode(W3CHttpResponseCodec.java:136)
at org.openqa.selenium.remote.codec.w3c.W3CHttpResponseCodec.decode(W3CHttpResponseCodec.java:50)
at org.openqa.selenium.remote.HttpCommandExecutor.execute(HttpCommandExecutor.java:190)
at org.openqa.selenium.remote.service.DriverCommandExecutor.invokeExecute(DriverCommandExecutor.java:216)
at org.openqa.selenium.remote.service.DriverCommandExecutor.execute(DriverCommandExecutor.java:174)
at org.openqa.selenium.remote.RemoteWebDriver.execute(RemoteWebDriver.java:518)
at org.openqa.selenium.remote.RemoteWebDriver.execute(RemoteWebDriver.java:591)
at org.openqa.selenium.remote.RemoteWebDriver.execute(RemoteWebDriver.java:595)
at org.openqa.selenium.remote.RemoteWebDriver.getScreenshotAs(RemoteWebDriver.java:321)
at com.qaautomation.utilities.TestNGListner.onTestFailure(TestNGListner.java:70)
at org.testng.internal.TestListenerHelper.runTestListeners(TestListenerHelper.java:108)
at org.testng.internal.invokers.TestInvoker.runTestResultListener(TestInvoker.java:262)
at org.testng.internal.invokers.TestInvoker.invokeMethod(TestInvoker.java:751)
at org.testng.internal.invokers.TestInvoker.invokeTestMethod(TestInvoker.java:227)
at org.testng.internal.invokers.MethodRunner.runInSequence(MethodRunner.java:50)
at org.testng.internal.invokers.TestInvoker$MethodInvocationAgent.invoke(TestInvoker.java:957)
at org.testng.internal.invokers.TestInvoker.invokeTestMethods(TestInvoker.java:200)
at org.testng.internal.invokers.TestMethodWorker.invokeTestMethods(TestMethodWorker.java:148)
at org.testng.internal.invokers.TestMethodWorker.run(TestMethodWorker.java:128)
at java.base/java.util.concurrent.ThreadPoolExecutor.runWorker(ThreadPoolExecutor.java:1128)
at java.base/java.util.concurrent.ThreadPoolExecutor$Worker.run(ThreadPoolExecutor.java:628)
at java.base/java.lang.Thread.run(Thread.java:834)
]]>
            </full-stacktrace>
          </exception> <!-- org.openqa.selenium.UnhandledAlertException -->
          <reporter-output>
          </reporter-output>
        </test-method> <!-- TC004_LoginWithEnter -->
        <test-method is-config="true" signature="SetUp(org.testng.ITestContext)[pri:0, instance:com.qaautomation.functionaltests.LoginTests@742ff096]" started-at="2025-03-13T19:10:20 IST" name="SetUp" finished-at="2025-03-13T19:10:24 IST" duration-ms="4179" status="PASS">
          <params>
            <param index="0">
              <value>
                <![CDATA[org.testng.TestRunner@4d4d48a6]]>
              </value>
            </param>
          </params>
          <reporter-output>
          </reporter-output>
        </test-method> <!-- SetUp -->
        <test-method is-config="true" signature="TearDown()[pri:0, instance:com.qaautomation.functionaltests.LoginTests@742ff096]" started-at="2025-03-13T19:10:21 IST" name="TearDown" finished-at="2025-03-13T19:10:21 IST" duration-ms="349" status="PASS">
          <reporter-output>
          </reporter-output>
        </test-method> <!-- TearDown -->
        <test-method is-config="true" signature="SetUp(org.testng.ITestContext)[pri:0, instance:com.qaautomation.functionaltests.LoginTests@742ff096]" started-at="2025-03-13T19:10:21 IST" name="SetUp" finished-at="2025-03-13T19:10:26 IST" duration-ms="4925" status="PASS">
          <params>
            <param index="0">
              <value>
                <![CDATA[org.testng.TestRunner@4d4d48a6]]>
              </value>
            </param>
          </params>
          <reporter-output>
          </reporter-output>
        </test-method> <!-- SetUp -->
        <test-method signature="TC002_LoginWithInValidCredentials(java.lang.String,java.lang.String,java.lang.String)[pri:2, instance:com.qaautomation.functionaltests.LoginTests@742ff096]" started-at="2025-03-13T19:10:26 IST" name="TC002_LoginWithInValidCredentials" data-provider="TC002_TestData" finished-at="2025-03-13T19:10:32 IST" duration-ms="5244" status="FAIL">
          <params>
            <param index="0">
              <value>
                <![CDATA[test@123]]>
              </value>
            </param>
            <param index="1">
              <value>
                <![CDATA[123Abc@]]>
              </value>
            </param>
            <param index="2">
              <value>
                <![CDATA[User or Password is not valid]]>
              </value>
            </param>
          </params>
          <exception class="org.openqa.selenium.NoAlertPresentException">
            <message>
              <![CDATA[no such alert
  (Session info: chrome=134.0.6998.35)
Build info: version: '4.20.0', revision: '866c76ca80'
System info: os.name: 'Windows 11', os.arch: 'amd64', os.version: '10.0', java.version: '11.0.20'
Driver info: org.openqa.selenium.chrome.ChromeDriver
Command: [3e4182a5d121c47e64e6a5674a6e9e73, getAlertText {}]
Capabilities {acceptInsecureCerts: false, browserName: chrome, browserVersion: 134.0.6998.35, chrome: {chromedriverVersion: 134.0.6998.88 (7e3d5c978c6d..., userDataDir: C:\Users\Satee\AppData\Loca...}, fedcm:accounts: true, goog:chromeOptions: {debuggerAddress: localhost:56751}, networkConnectionEnabled: false, pageLoadStrategy: normal, platformName: windows, proxy: Proxy(), se:cdp: ws://localhost:56751/devtoo..., se:cdpVersion: 134.0.6998.35, setWindowRect: true, strictFileInteractability: false, timeouts: {implicit: 0, pageLoad: 300000, script: 30000}, unhandledPromptBehavior: dismiss and notify, webauthn:extension:credBlob: true, webauthn:extension:largeBlob: true, webauthn:extension:minPinLength: true, webauthn:extension:prf: true, webauthn:virtualAuthenticators: true}
Session ID: 3e4182a5d121c47e64e6a5674a6e9e73]]>
            </message>
            <full-stacktrace>
              <![CDATA[org.openqa.selenium.NoAlertPresentException: no such alert
  (Session info: chrome=134.0.6998.35)
Build info: version: '4.20.0', revision: '866c76ca80'
System info: os.name: 'Windows 11', os.arch: 'amd64', os.version: '10.0', java.version: '11.0.20'
Driver info: org.openqa.selenium.chrome.ChromeDriver
Command: [3e4182a5d121c47e64e6a5674a6e9e73, getAlertText {}]
Capabilities {acceptInsecureCerts: false, browserName: chrome, browserVersion: 134.0.6998.35, chrome: {chromedriverVersion: 134.0.6998.88 (7e3d5c978c6d..., userDataDir: C:\Users\Satee\AppData\Loca...}, fedcm:accounts: true, goog:chromeOptions: {debuggerAddress: localhost:56751}, networkConnectionEnabled: false, pageLoadStrategy: normal, platformName: windows, proxy: Proxy(), se:cdp: ws://localhost:56751/devtoo..., se:cdpVersion: 134.0.6998.35, setWindowRect: true, strictFileInteractability: false, timeouts: {implicit: 0, pageLoad: 300000, script: 30000}, unhandledPromptBehavior: dismiss and notify, webauthn:extension:credBlob: true, webauthn:extension:largeBlob: true, webauthn:extension:minPinLength: true, webauthn:extension:prf: true, webauthn:virtualAuthenticators: true}
Session ID: 3e4182a5d121c47e64e6a5674a6e9e73
at java.base/jdk.internal.reflect.NativeConstructorAccessorImpl.newInstance0(Native Method)
at java.base/jdk.internal.reflect.NativeConstructorAccessorImpl.newInstance(NativeConstructorAccessorImpl.java:62)
at java.base/jdk.internal.reflect.DelegatingConstructorAccessorImpl.newInstance(DelegatingConstructorAccessorImpl.java:45)
at java.base/java.lang.reflect.Constructor.newInstance(Constructor.java:490)
at org.openqa.selenium.remote.ErrorCodec.decode(ErrorCodec.java:167)
at org.openqa.selenium.remote.codec.w3c.W3CHttpResponseCodec.decode(W3CHttpResponseCodec.java:138)
at org.openqa.selenium.remote.codec.w3c.W3CHttpResponseCodec.decode(W3CHttpResponseCodec.java:50)
at org.openqa.selenium.remote.HttpCommandExecutor.execute(HttpCommandExecutor.java:190)
at org.openqa.selenium.remote.service.DriverCommandExecutor.invokeExecute(DriverCommandExecutor.java:216)
at org.openqa.selenium.remote.service.DriverCommandExecutor.execute(DriverCommandExecutor.java:174)
at org.openqa.selenium.remote.RemoteWebDriver.execute(RemoteWebDriver.java:518)
at org.openqa.selenium.remote.RemoteWebDriver.execute(RemoteWebDriver.java:591)
at org.openqa.selenium.remote.RemoteWebDriver.execute(RemoteWebDriver.java:595)
at org.openqa.selenium.remote.RemoteWebDriver$RemoteTargetLocator.alert(RemoteWebDriver.java:1163)
at com.qaautomation.commonactions.Commands.SwithToAlertAndGetAlertMessage(Commands.java:25)
at com.qaautomation.pages.LoginPageObjects.LoginWithInValidCredentials(LoginPageObjects.java:111)
at com.qaautomation.functionaltests.LoginTests.TC002_LoginWithInValidCredentials(LoginTests.java:26)
at java.base/jdk.internal.reflect.NativeMethodAccessorImpl.invoke0(Native Method)
at java.base/jdk.internal.reflect.NativeMethodAccessorImpl.invoke(NativeMethodAccessorImpl.java:62)
at java.base/jdk.internal.reflect.DelegatingMethodAccessorImpl.invoke(DelegatingMethodAccessorImpl.java:43)
at java.base/java.lang.reflect.Method.invoke(Method.java:566)
at org.testng.internal.invokers.MethodInvocationHelper.invokeMethod(MethodInvocationHelper.java:139)
at org.testng.internal.invokers.TestInvoker.invokeMethod(TestInvoker.java:664)
at org.testng.internal.invokers.TestInvoker.invokeTestMethod(TestInvoker.java:227)
at org.testng.internal.invokers.MethodRunner.runInSequence(MethodRunner.java:50)
at org.testng.internal.invokers.TestInvoker$MethodInvocationAgent.invoke(TestInvoker.java:957)
at org.testng.internal.invokers.TestInvoker.invokeTestMethods(TestInvoker.java:200)
at org.testng.internal.invokers.TestMethodWorker.invokeTestMethods(TestMethodWorker.java:148)
at org.testng.internal.invokers.TestMethodWorker.run(TestMethodWorker.java:128)
at java.base/java.util.concurrent.ThreadPoolExecutor.runWorker(ThreadPoolExecutor.java:1128)
at java.base/java.util.concurrent.ThreadPoolExecutor$Worker.run(ThreadPoolExecutor.java:628)
at java.base/java.lang.Thread.run(Thread.java:834)
]]>
            </full-stacktrace>
          </exception> <!-- org.openqa.selenium.NoAlertPresentException -->
          <reporter-output>
          </reporter-output>
        </test-method> <!-- TC002_LoginWithInValidCredentials -->
        <test-method is-config="true" signature="TearDown()[pri:0, instance:com.qaautomation.functionaltests.LoginTests@742ff096]" started-at="2025-03-13T19:10:32 IST" name="TearDown" finished-at="2025-03-13T19:10:32 IST" duration-ms="206" status="PASS">
          <reporter-output>
          </reporter-output>
        </test-method> <!-- TearDown -->
      </class> <!-- com.qaautomation.functionaltests.LoginTests -->
    </test> <!-- TestLogin -->
    <test started-at="2025-03-13T19:10:32 IST" name="TestHome" finished-at="2025-03-13T19:10:45 IST" duration-ms="12831">
      <class name="com.qaautomation.functionaltests.HomePageTests">
        <test-method is-config="true" signature="SetUp(org.testng.ITestContext)[pri:0, instance:com.qaautomation.functionaltests.HomePageTests@38467116]" started-at="2025-03-13T19:10:33 IST" name="SetUp" finished-at="2025-03-13T19:10:36 IST" duration-ms="3377" status="PASS">
          <params>
            <param index="0">
              <value>
                <![CDATA[org.testng.TestRunner@315df4bb]]>
              </value>
            </param>
          </params>
          <reporter-output>
          </reporter-output>
        </test-method> <!-- SetUp -->
        <test-method signature="TC006_InsurnaceProjectTabValidation(java.lang.String,java.lang.String,java.lang.String)[pri:1, instance:com.qaautomation.functionaltests.HomePageTests@38467116]" started-at="2025-03-13T19:10:36 IST" name="TC006_InsurnaceProjectTabValidation" data-provider="TC006_TestData" finished-at="2025-03-13T19:10:45 IST" duration-ms="9157" status="PASS">
          <params>
            <param index="0">
              <value>
                <![CDATA[mngr26593]]>
              </value>
            </param>
            <param index="1">
              <value>
                <![CDATA[123Abc@]]>
              </value>
            </param>
            <param index="2">
              <value>
                <![CDATA[Insurance Broker System - Login]]>
              </value>
            </param>
          </params>
          <reporter-output>
          </reporter-output>
        </test-method> <!-- TC006_InsurnaceProjectTabValidation -->
        <test-method is-config="true" signature="TearDown()[pri:0, instance:com.qaautomation.functionaltests.HomePageTests@38467116]" started-at="2025-03-13T19:10:45 IST" name="TearDown" finished-at="2025-03-13T19:10:45 IST" duration-ms="245" status="PASS">
          <reporter-output>
          </reporter-output>
        </test-method> <!-- TearDown -->
      </class> <!-- com.qaautomation.functionaltests.HomePageTests -->
    </test> <!-- TestHome -->
  </suite> <!-- Suite -->
</testng-results>
